<?xml version="1.0" encoding="UTF-8"?>
<!-- Generated by org.testng.reporters.JUnitReportReporter -->
<testsuite skipped="0" hostname="ip-172-31-23-119" name="apichaining.EndToEndTest" tests="1" failures="0" timestamp="05 Jun 2022 07:28:25 GMT" time="3.235" errors="0">
  <testcase name="test1" time="3.235" classname="apichaining.EndToEndTest"/>
</testsuite> <!-- apichaining.EndToEndTest -->
