<?xml version="1.0" encoding="UTF-8"?>
<!-- Generated by org.testng.reporters.JUnitReportReporter -->
<testsuite skipped="0" hostname="ip-172-31-23-119" name="apichaining.EndToEndTest" tests="1" failures="0" timestamp="12 Jun 2022 07:48:01 GMT" time="1.879" errors="0">
  <testcase name="test1" time="1.879" classname="apichaining.EndToEndTest"/>
</testsuite> <!-- apichaining.EndToEndTest -->
